2022-05-02 10:59:57.292 ERROR[main-EventThread]org.apache.curator.framework.imps.CuratorFrameworkImpl.logError:546 -Background exception was not retry-able or retry gave up
java.lang.IllegalStateException: instance must be started before calling this method
	at com.google.common.base.Preconditions.checkState(Preconditions.java:176)
	at org.apache.curator.framework.imps.CuratorFrameworkImpl.checkExists(CuratorFrameworkImpl.java:355)
	at org.apache.curator.framework.recipes.cache.TreeCache$TreeNode.wasDeleted(TreeCache.java:295)
	at org.apache.curator.framework.recipes.cache.TreeCache$TreeNode.processResult(TreeCache.java:351)
	at org.apache.curator.framework.imps.CuratorFrameworkImpl.sendToBackgroundCallback(CuratorFrameworkImpl.java:728)
	at org.apache.curator.framework.imps.CuratorFrameworkImpl.processBackgroundOperation(CuratorFrameworkImpl.java:505)
	at org.apache.curator.framework.imps.ExistsBuilderImpl$1.processResult(ExistsBuilderImpl.java:123)
	at org.apache.zookeeper.ClientCnxn$EventThread.processEvent(ClientCnxn.java:555)
	at org.apache.zookeeper.ClientCnxn$EventThread.run(ClientCnxn.java:498)
2022-05-02 10:59:57.293 ERROR[main-EventThread]org.apache.curator.framework.imps.CuratorFrameworkImpl.logError:546 -Background exception was not retry-able or retry gave up
java.lang.IllegalStateException: instance must be started before calling this method
	at com.google.common.base.Preconditions.checkState(Preconditions.java:176)
	at org.apache.curator.framework.imps.CuratorFrameworkImpl.checkExists(CuratorFrameworkImpl.java:355)
	at org.apache.curator.framework.recipes.cache.TreeCache$TreeNode.wasDeleted(TreeCache.java:295)
	at org.apache.curator.framework.recipes.cache.TreeCache$TreeNode.processResult(TreeCache.java:351)
	at org.apache.curator.framework.imps.CuratorFrameworkImpl.sendToBackgroundCallback(CuratorFrameworkImpl.java:728)
	at org.apache.curator.framework.imps.CuratorFrameworkImpl.processBackgroundOperation(CuratorFrameworkImpl.java:505)
	at org.apache.curator.framework.imps.ExistsBuilderImpl$1.processResult(ExistsBuilderImpl.java:123)
	at org.apache.zookeeper.ClientCnxn$EventThread.processEvent(ClientCnxn.java:555)
	at org.apache.zookeeper.ClientCnxn$EventThread.run(ClientCnxn.java:498)
2022-05-02 11:01:53.069 ERROR[main-EventThread]org.apache.curator.framework.imps.CuratorFrameworkImpl.logError:546 -Background exception was not retry-able or retry gave up
java.lang.IllegalStateException: instance must be started before calling this method
	at com.google.common.base.Preconditions.checkState(Preconditions.java:176)
	at org.apache.curator.framework.imps.CuratorFrameworkImpl.checkExists(CuratorFrameworkImpl.java:355)
	at org.apache.curator.framework.recipes.cache.TreeCache$TreeNode.wasDeleted(TreeCache.java:295)
	at org.apache.curator.framework.recipes.cache.TreeCache$TreeNode.processResult(TreeCache.java:351)
	at org.apache.curator.framework.imps.CuratorFrameworkImpl.sendToBackgroundCallback(CuratorFrameworkImpl.java:728)
	at org.apache.curator.framework.imps.CuratorFrameworkImpl.processBackgroundOperation(CuratorFrameworkImpl.java:505)
	at org.apache.curator.framework.imps.ExistsBuilderImpl$1.processResult(ExistsBuilderImpl.java:123)
	at org.apache.zookeeper.ClientCnxn$EventThread.processEvent(ClientCnxn.java:555)
	at org.apache.zookeeper.ClientCnxn$EventThread.run(ClientCnxn.java:498)
2022-05-02 11:01:53.071 ERROR[main-EventThread]org.apache.curator.framework.imps.CuratorFrameworkImpl.logError:546 -Background exception was not retry-able or retry gave up
java.lang.IllegalStateException: instance must be started before calling this method
	at com.google.common.base.Preconditions.checkState(Preconditions.java:176)
	at org.apache.curator.framework.imps.CuratorFrameworkImpl.checkExists(CuratorFrameworkImpl.java:355)
	at org.apache.curator.framework.recipes.cache.TreeCache$TreeNode.wasDeleted(TreeCache.java:295)
	at org.apache.curator.framework.recipes.cache.TreeCache$TreeNode.processResult(TreeCache.java:351)
	at org.apache.curator.framework.imps.CuratorFrameworkImpl.sendToBackgroundCallback(CuratorFrameworkImpl.java:728)
	at org.apache.curator.framework.imps.CuratorFrameworkImpl.processBackgroundOperation(CuratorFrameworkImpl.java:505)
	at org.apache.curator.framework.imps.ExistsBuilderImpl$1.processResult(ExistsBuilderImpl.java:123)
	at org.apache.zookeeper.ClientCnxn$EventThread.processEvent(ClientCnxn.java:555)
	at org.apache.zookeeper.ClientCnxn$EventThread.run(ClientCnxn.java:498)
2022-05-02 11:02:48.257 ERROR[main-EventThread]org.apache.curator.framework.imps.CuratorFrameworkImpl.logError:546 -Background exception was not retry-able or retry gave up
java.lang.IllegalStateException: instance must be started before calling this method
	at com.google.common.base.Preconditions.checkState(Preconditions.java:176)
	at org.apache.curator.framework.imps.CuratorFrameworkImpl.checkExists(CuratorFrameworkImpl.java:355)
	at org.apache.curator.framework.recipes.cache.TreeCache$TreeNode.wasDeleted(TreeCache.java:295)
	at org.apache.curator.framework.recipes.cache.TreeCache$TreeNode.processResult(TreeCache.java:351)
	at org.apache.curator.framework.imps.CuratorFrameworkImpl.sendToBackgroundCallback(CuratorFrameworkImpl.java:728)
	at org.apache.curator.framework.imps.CuratorFrameworkImpl.processBackgroundOperation(CuratorFrameworkImpl.java:505)
	at org.apache.curator.framework.imps.ExistsBuilderImpl$1.processResult(ExistsBuilderImpl.java:123)
	at org.apache.zookeeper.ClientCnxn$EventThread.processEvent(ClientCnxn.java:555)
	at org.apache.zookeeper.ClientCnxn$EventThread.run(ClientCnxn.java:498)
2022-05-02 11:02:48.259 ERROR[main-EventThread]org.apache.curator.framework.imps.CuratorFrameworkImpl.logError:546 -Background exception was not retry-able or retry gave up
java.lang.IllegalStateException: instance must be started before calling this method
	at com.google.common.base.Preconditions.checkState(Preconditions.java:176)
	at org.apache.curator.framework.imps.CuratorFrameworkImpl.checkExists(CuratorFrameworkImpl.java:355)
	at org.apache.curator.framework.recipes.cache.TreeCache$TreeNode.wasDeleted(TreeCache.java:295)
	at org.apache.curator.framework.recipes.cache.TreeCache$TreeNode.processResult(TreeCache.java:351)
	at org.apache.curator.framework.imps.CuratorFrameworkImpl.sendToBackgroundCallback(CuratorFrameworkImpl.java:728)
	at org.apache.curator.framework.imps.CuratorFrameworkImpl.processBackgroundOperation(CuratorFrameworkImpl.java:505)
	at org.apache.curator.framework.imps.ExistsBuilderImpl$1.processResult(ExistsBuilderImpl.java:123)
	at org.apache.zookeeper.ClientCnxn$EventThread.processEvent(ClientCnxn.java:555)
	at org.apache.zookeeper.ClientCnxn$EventThread.run(ClientCnxn.java:498)
2022-05-02 11:14:47.397 ERROR[main-EventThread]org.apache.curator.framework.imps.CuratorFrameworkImpl.logError:546 -Background exception was not retry-able or retry gave up
java.lang.IllegalStateException: instance must be started before calling this method
	at com.google.common.base.Preconditions.checkState(Preconditions.java:176)
	at org.apache.curator.framework.imps.CuratorFrameworkImpl.checkExists(CuratorFrameworkImpl.java:355)
	at org.apache.curator.framework.recipes.cache.TreeCache$TreeNode.wasDeleted(TreeCache.java:295)
	at org.apache.curator.framework.recipes.cache.TreeCache$TreeNode.processResult(TreeCache.java:351)
	at org.apache.curator.framework.imps.CuratorFrameworkImpl.sendToBackgroundCallback(CuratorFrameworkImpl.java:728)
	at org.apache.curator.framework.imps.CuratorFrameworkImpl.processBackgroundOperation(CuratorFrameworkImpl.java:505)
	at org.apache.curator.framework.imps.ExistsBuilderImpl$1.processResult(ExistsBuilderImpl.java:123)
	at org.apache.zookeeper.ClientCnxn$EventThread.processEvent(ClientCnxn.java:555)
	at org.apache.zookeeper.ClientCnxn$EventThread.run(ClientCnxn.java:498)
2022-05-02 11:14:47.399 ERROR[main-EventThread]org.apache.curator.framework.imps.CuratorFrameworkImpl.logError:546 -Background exception was not retry-able or retry gave up
java.lang.IllegalStateException: instance must be started before calling this method
	at com.google.common.base.Preconditions.checkState(Preconditions.java:176)
	at org.apache.curator.framework.imps.CuratorFrameworkImpl.checkExists(CuratorFrameworkImpl.java:355)
	at org.apache.curator.framework.recipes.cache.TreeCache$TreeNode.wasDeleted(TreeCache.java:295)
	at org.apache.curator.framework.recipes.cache.TreeCache$TreeNode.processResult(TreeCache.java:351)
	at org.apache.curator.framework.imps.CuratorFrameworkImpl.sendToBackgroundCallback(CuratorFrameworkImpl.java:728)
	at org.apache.curator.framework.imps.CuratorFrameworkImpl.processBackgroundOperation(CuratorFrameworkImpl.java:505)
	at org.apache.curator.framework.imps.ExistsBuilderImpl$1.processResult(ExistsBuilderImpl.java:123)
	at org.apache.zookeeper.ClientCnxn$EventThread.processEvent(ClientCnxn.java:555)
	at org.apache.zookeeper.ClientCnxn$EventThread.run(ClientCnxn.java:498)
2022-05-02 11:17:34.777 ERROR[main-EventThread]org.apache.curator.framework.imps.CuratorFrameworkImpl.logError:546 -Background exception was not retry-able or retry gave up
java.lang.IllegalStateException: instance must be started before calling this method
	at com.google.common.base.Preconditions.checkState(Preconditions.java:176)
	at org.apache.curator.framework.imps.CuratorFrameworkImpl.checkExists(CuratorFrameworkImpl.java:355)
	at org.apache.curator.framework.recipes.cache.TreeCache$TreeNode.wasDeleted(TreeCache.java:295)
	at org.apache.curator.framework.recipes.cache.TreeCache$TreeNode.processResult(TreeCache.java:351)
	at org.apache.curator.framework.imps.CuratorFrameworkImpl.sendToBackgroundCallback(CuratorFrameworkImpl.java:728)
	at org.apache.curator.framework.imps.CuratorFrameworkImpl.processBackgroundOperation(CuratorFrameworkImpl.java:505)
	at org.apache.curator.framework.imps.ExistsBuilderImpl$1.processResult(ExistsBuilderImpl.java:123)
	at org.apache.zookeeper.ClientCnxn$EventThread.processEvent(ClientCnxn.java:555)
	at org.apache.zookeeper.ClientCnxn$EventThread.run(ClientCnxn.java:498)
2022-05-02 11:17:34.778 ERROR[main-EventThread]org.apache.curator.framework.imps.CuratorFrameworkImpl.logError:546 -Background exception was not retry-able or retry gave up
java.lang.IllegalStateException: instance must be started before calling this method
	at com.google.common.base.Preconditions.checkState(Preconditions.java:176)
	at org.apache.curator.framework.imps.CuratorFrameworkImpl.checkExists(CuratorFrameworkImpl.java:355)
	at org.apache.curator.framework.recipes.cache.TreeCache$TreeNode.wasDeleted(TreeCache.java:295)
	at org.apache.curator.framework.recipes.cache.TreeCache$TreeNode.processResult(TreeCache.java:351)
	at org.apache.curator.framework.imps.CuratorFrameworkImpl.sendToBackgroundCallback(CuratorFrameworkImpl.java:728)
	at org.apache.curator.framework.imps.CuratorFrameworkImpl.processBackgroundOperation(CuratorFrameworkImpl.java:505)
	at org.apache.curator.framework.imps.ExistsBuilderImpl$1.processResult(ExistsBuilderImpl.java:123)
	at org.apache.zookeeper.ClientCnxn$EventThread.processEvent(ClientCnxn.java:555)
	at org.apache.zookeeper.ClientCnxn$EventThread.run(ClientCnxn.java:498)
2022-05-02 11:19:03.300 ERROR[main-EventThread]org.apache.curator.framework.imps.CuratorFrameworkImpl.logError:546 -Background exception was not retry-able or retry gave up
java.lang.IllegalStateException: instance must be started before calling this method
	at com.google.common.base.Preconditions.checkState(Preconditions.java:176)
	at org.apache.curator.framework.imps.CuratorFrameworkImpl.checkExists(CuratorFrameworkImpl.java:355)
	at org.apache.curator.framework.recipes.cache.TreeCache$TreeNode.wasDeleted(TreeCache.java:295)
	at org.apache.curator.framework.recipes.cache.TreeCache$TreeNode.processResult(TreeCache.java:351)
	at org.apache.curator.framework.imps.CuratorFrameworkImpl.sendToBackgroundCallback(CuratorFrameworkImpl.java:728)
	at org.apache.curator.framework.imps.CuratorFrameworkImpl.processBackgroundOperation(CuratorFrameworkImpl.java:505)
	at org.apache.curator.framework.imps.ExistsBuilderImpl$1.processResult(ExistsBuilderImpl.java:123)
	at org.apache.zookeeper.ClientCnxn$EventThread.processEvent(ClientCnxn.java:555)
	at org.apache.zookeeper.ClientCnxn$EventThread.run(ClientCnxn.java:498)
2022-05-02 11:19:03.301 ERROR[main-EventThread]org.apache.curator.framework.imps.CuratorFrameworkImpl.logError:546 -Background exception was not retry-able or retry gave up
java.lang.IllegalStateException: instance must be started before calling this method
	at com.google.common.base.Preconditions.checkState(Preconditions.java:176)
	at org.apache.curator.framework.imps.CuratorFrameworkImpl.checkExists(CuratorFrameworkImpl.java:355)
	at org.apache.curator.framework.recipes.cache.TreeCache$TreeNode.wasDeleted(TreeCache.java:295)
	at org.apache.curator.framework.recipes.cache.TreeCache$TreeNode.processResult(TreeCache.java:351)
	at org.apache.curator.framework.imps.CuratorFrameworkImpl.sendToBackgroundCallback(CuratorFrameworkImpl.java:728)
	at org.apache.curator.framework.imps.CuratorFrameworkImpl.processBackgroundOperation(CuratorFrameworkImpl.java:505)
	at org.apache.curator.framework.imps.ExistsBuilderImpl$1.processResult(ExistsBuilderImpl.java:123)
	at org.apache.zookeeper.ClientCnxn$EventThread.processEvent(ClientCnxn.java:555)
	at org.apache.zookeeper.ClientCnxn$EventThread.run(ClientCnxn.java:498)
2022-05-02 11:22:49.878 ERROR[main-EventThread]org.apache.curator.framework.imps.CuratorFrameworkImpl.logError:546 -Background exception was not retry-able or retry gave up
java.lang.IllegalStateException: instance must be started before calling this method
	at com.google.common.base.Preconditions.checkState(Preconditions.java:176)
	at org.apache.curator.framework.imps.CuratorFrameworkImpl.checkExists(CuratorFrameworkImpl.java:355)
	at org.apache.curator.framework.recipes.cache.TreeCache$TreeNode.wasDeleted(TreeCache.java:295)
	at org.apache.curator.framework.recipes.cache.TreeCache$TreeNode.processResult(TreeCache.java:351)
	at org.apache.curator.framework.imps.CuratorFrameworkImpl.sendToBackgroundCallback(CuratorFrameworkImpl.java:728)
	at org.apache.curator.framework.imps.CuratorFrameworkImpl.processBackgroundOperation(CuratorFrameworkImpl.java:505)
	at org.apache.curator.framework.imps.ExistsBuilderImpl$1.processResult(ExistsBuilderImpl.java:123)
	at org.apache.zookeeper.ClientCnxn$EventThread.processEvent(ClientCnxn.java:555)
	at org.apache.zookeeper.ClientCnxn$EventThread.run(ClientCnxn.java:498)
2022-05-02 11:22:49.880 ERROR[main-EventThread]org.apache.curator.framework.imps.CuratorFrameworkImpl.logError:546 -Background exception was not retry-able or retry gave up
java.lang.IllegalStateException: instance must be started before calling this method
	at com.google.common.base.Preconditions.checkState(Preconditions.java:176)
	at org.apache.curator.framework.imps.CuratorFrameworkImpl.checkExists(CuratorFrameworkImpl.java:355)
	at org.apache.curator.framework.recipes.cache.TreeCache$TreeNode.wasDeleted(TreeCache.java:295)
	at org.apache.curator.framework.recipes.cache.TreeCache$TreeNode.processResult(TreeCache.java:351)
	at org.apache.curator.framework.imps.CuratorFrameworkImpl.sendToBackgroundCallback(CuratorFrameworkImpl.java:728)
	at org.apache.curator.framework.imps.CuratorFrameworkImpl.processBackgroundOperation(CuratorFrameworkImpl.java:505)
	at org.apache.curator.framework.imps.ExistsBuilderImpl$1.processResult(ExistsBuilderImpl.java:123)
	at org.apache.zookeeper.ClientCnxn$EventThread.processEvent(ClientCnxn.java:555)
	at org.apache.zookeeper.ClientCnxn$EventThread.run(ClientCnxn.java:498)
