2022-05-04 09:35:25.491 ERROR[main-EventThread]org.apache.curator.framework.imps.CuratorFrameworkImpl.logError:546 -Background exception was not retry-able or retry gave up
java.lang.IllegalStateException: instance must be started before calling this method
	at com.google.common.base.Preconditions.checkState(Preconditions.java:176)
	at org.apache.curator.framework.imps.CuratorFrameworkImpl.checkExists(CuratorFrameworkImpl.java:355)
	at org.apache.curator.framework.recipes.cache.TreeCache$TreeNode.wasDeleted(TreeCache.java:295)
	at org.apache.curator.framework.recipes.cache.TreeCache$TreeNode.processResult(TreeCache.java:351)
	at org.apache.curator.framework.imps.CuratorFrameworkImpl.sendToBackgroundCallback(CuratorFrameworkImpl.java:728)
	at org.apache.curator.framework.imps.CuratorFrameworkImpl.processBackgroundOperation(CuratorFrameworkImpl.java:505)
	at org.apache.curator.framework.imps.ExistsBuilderImpl$1.processResult(ExistsBuilderImpl.java:123)
	at org.apache.zookeeper.ClientCnxn$EventThread.processEvent(ClientCnxn.java:555)
	at org.apache.zookeeper.ClientCnxn$EventThread.run(ClientCnxn.java:498)
2022-05-04 09:35:25.493 ERROR[main-EventThread]org.apache.curator.framework.imps.CuratorFrameworkImpl.logError:546 -Background exception was not retry-able or retry gave up
java.lang.IllegalStateException: instance must be started before calling this method
	at com.google.common.base.Preconditions.checkState(Preconditions.java:176)
	at org.apache.curator.framework.imps.CuratorFrameworkImpl.checkExists(CuratorFrameworkImpl.java:355)
	at org.apache.curator.framework.recipes.cache.TreeCache$TreeNode.wasDeleted(TreeCache.java:295)
	at org.apache.curator.framework.recipes.cache.TreeCache$TreeNode.processResult(TreeCache.java:351)
	at org.apache.curator.framework.imps.CuratorFrameworkImpl.sendToBackgroundCallback(CuratorFrameworkImpl.java:728)
	at org.apache.curator.framework.imps.CuratorFrameworkImpl.processBackgroundOperation(CuratorFrameworkImpl.java:505)
	at org.apache.curator.framework.imps.ExistsBuilderImpl$1.processResult(ExistsBuilderImpl.java:123)
	at org.apache.zookeeper.ClientCnxn$EventThread.processEvent(ClientCnxn.java:555)
	at org.apache.zookeeper.ClientCnxn$EventThread.run(ClientCnxn.java:498)
2022-05-04 09:42:10.076 ERROR[main-EventThread]org.apache.curator.framework.imps.CuratorFrameworkImpl.logError:546 -Background exception was not retry-able or retry gave up
java.lang.IllegalStateException: instance must be started before calling this method
	at com.google.common.base.Preconditions.checkState(Preconditions.java:176)
	at org.apache.curator.framework.imps.CuratorFrameworkImpl.checkExists(CuratorFrameworkImpl.java:355)
	at org.apache.curator.framework.recipes.cache.TreeCache$TreeNode.wasDeleted(TreeCache.java:295)
	at org.apache.curator.framework.recipes.cache.TreeCache$TreeNode.processResult(TreeCache.java:351)
	at org.apache.curator.framework.imps.CuratorFrameworkImpl.sendToBackgroundCallback(CuratorFrameworkImpl.java:728)
	at org.apache.curator.framework.imps.CuratorFrameworkImpl.processBackgroundOperation(CuratorFrameworkImpl.java:505)
	at org.apache.curator.framework.imps.ExistsBuilderImpl$1.processResult(ExistsBuilderImpl.java:123)
	at org.apache.zookeeper.ClientCnxn$EventThread.processEvent(ClientCnxn.java:555)
	at org.apache.zookeeper.ClientCnxn$EventThread.run(ClientCnxn.java:498)
2022-05-04 09:42:10.078 ERROR[main-EventThread]org.apache.curator.framework.imps.CuratorFrameworkImpl.logError:546 -Background exception was not retry-able or retry gave up
java.lang.IllegalStateException: instance must be started before calling this method
	at com.google.common.base.Preconditions.checkState(Preconditions.java:176)
	at org.apache.curator.framework.imps.CuratorFrameworkImpl.checkExists(CuratorFrameworkImpl.java:355)
	at org.apache.curator.framework.recipes.cache.TreeCache$TreeNode.wasDeleted(TreeCache.java:295)
	at org.apache.curator.framework.recipes.cache.TreeCache$TreeNode.processResult(TreeCache.java:351)
	at org.apache.curator.framework.imps.CuratorFrameworkImpl.sendToBackgroundCallback(CuratorFrameworkImpl.java:728)
	at org.apache.curator.framework.imps.CuratorFrameworkImpl.processBackgroundOperation(CuratorFrameworkImpl.java:505)
	at org.apache.curator.framework.imps.ExistsBuilderImpl$1.processResult(ExistsBuilderImpl.java:123)
	at org.apache.zookeeper.ClientCnxn$EventThread.processEvent(ClientCnxn.java:555)
	at org.apache.zookeeper.ClientCnxn$EventThread.run(ClientCnxn.java:498)
2022-05-04 09:48:06.498 ERROR[main-EventThread]org.apache.curator.framework.imps.CuratorFrameworkImpl.logError:546 -Background exception was not retry-able or retry gave up
java.lang.IllegalStateException: instance must be started before calling this method
	at com.google.common.base.Preconditions.checkState(Preconditions.java:176)
	at org.apache.curator.framework.imps.CuratorFrameworkImpl.checkExists(CuratorFrameworkImpl.java:355)
	at org.apache.curator.framework.recipes.cache.TreeCache$TreeNode.wasDeleted(TreeCache.java:295)
	at org.apache.curator.framework.recipes.cache.TreeCache$TreeNode.processResult(TreeCache.java:351)
	at org.apache.curator.framework.imps.CuratorFrameworkImpl.sendToBackgroundCallback(CuratorFrameworkImpl.java:728)
	at org.apache.curator.framework.imps.CuratorFrameworkImpl.processBackgroundOperation(CuratorFrameworkImpl.java:505)
	at org.apache.curator.framework.imps.ExistsBuilderImpl$1.processResult(ExistsBuilderImpl.java:123)
	at org.apache.zookeeper.ClientCnxn$EventThread.processEvent(ClientCnxn.java:555)
	at org.apache.zookeeper.ClientCnxn$EventThread.run(ClientCnxn.java:498)
2022-05-04 09:48:06.500 ERROR[main-EventThread]org.apache.curator.framework.imps.CuratorFrameworkImpl.logError:546 -Background exception was not retry-able or retry gave up
java.lang.IllegalStateException: instance must be started before calling this method
	at com.google.common.base.Preconditions.checkState(Preconditions.java:176)
	at org.apache.curator.framework.imps.CuratorFrameworkImpl.checkExists(CuratorFrameworkImpl.java:355)
	at org.apache.curator.framework.recipes.cache.TreeCache$TreeNode.wasDeleted(TreeCache.java:295)
	at org.apache.curator.framework.recipes.cache.TreeCache$TreeNode.processResult(TreeCache.java:351)
	at org.apache.curator.framework.imps.CuratorFrameworkImpl.sendToBackgroundCallback(CuratorFrameworkImpl.java:728)
	at org.apache.curator.framework.imps.CuratorFrameworkImpl.processBackgroundOperation(CuratorFrameworkImpl.java:505)
	at org.apache.curator.framework.imps.ExistsBuilderImpl$1.processResult(ExistsBuilderImpl.java:123)
	at org.apache.zookeeper.ClientCnxn$EventThread.processEvent(ClientCnxn.java:555)
	at org.apache.zookeeper.ClientCnxn$EventThread.run(ClientCnxn.java:498)
2022-05-04 10:07:59.094 ERROR[main-EventThread]org.apache.curator.framework.imps.CuratorFrameworkImpl.logError:546 -Background exception was not retry-able or retry gave up
java.lang.IllegalStateException: instance must be started before calling this method
	at com.google.common.base.Preconditions.checkState(Preconditions.java:176)
	at org.apache.curator.framework.imps.CuratorFrameworkImpl.checkExists(CuratorFrameworkImpl.java:355)
	at org.apache.curator.framework.recipes.cache.TreeCache$TreeNode.wasDeleted(TreeCache.java:295)
	at org.apache.curator.framework.recipes.cache.TreeCache$TreeNode.processResult(TreeCache.java:351)
	at org.apache.curator.framework.imps.CuratorFrameworkImpl.sendToBackgroundCallback(CuratorFrameworkImpl.java:728)
	at org.apache.curator.framework.imps.CuratorFrameworkImpl.processBackgroundOperation(CuratorFrameworkImpl.java:505)
	at org.apache.curator.framework.imps.ExistsBuilderImpl$1.processResult(ExistsBuilderImpl.java:123)
	at org.apache.zookeeper.ClientCnxn$EventThread.processEvent(ClientCnxn.java:555)
	at org.apache.zookeeper.ClientCnxn$EventThread.run(ClientCnxn.java:498)
2022-05-04 10:07:59.095 ERROR[main-EventThread]org.apache.curator.framework.imps.CuratorFrameworkImpl.logError:546 -Background exception was not retry-able or retry gave up
java.lang.IllegalStateException: instance must be started before calling this method
	at com.google.common.base.Preconditions.checkState(Preconditions.java:176)
	at org.apache.curator.framework.imps.CuratorFrameworkImpl.checkExists(CuratorFrameworkImpl.java:355)
	at org.apache.curator.framework.recipes.cache.TreeCache$TreeNode.wasDeleted(TreeCache.java:295)
	at org.apache.curator.framework.recipes.cache.TreeCache$TreeNode.processResult(TreeCache.java:351)
	at org.apache.curator.framework.imps.CuratorFrameworkImpl.sendToBackgroundCallback(CuratorFrameworkImpl.java:728)
	at org.apache.curator.framework.imps.CuratorFrameworkImpl.processBackgroundOperation(CuratorFrameworkImpl.java:505)
	at org.apache.curator.framework.imps.ExistsBuilderImpl$1.processResult(ExistsBuilderImpl.java:123)
	at org.apache.zookeeper.ClientCnxn$EventThread.processEvent(ClientCnxn.java:555)
	at org.apache.zookeeper.ClientCnxn$EventThread.run(ClientCnxn.java:498)
2022-05-04 10:09:31.292 ERROR[main-EventThread]org.apache.curator.framework.imps.CuratorFrameworkImpl.logError:546 -Background exception was not retry-able or retry gave up
java.lang.IllegalStateException: instance must be started before calling this method
	at com.google.common.base.Preconditions.checkState(Preconditions.java:176)
	at org.apache.curator.framework.imps.CuratorFrameworkImpl.checkExists(CuratorFrameworkImpl.java:355)
	at org.apache.curator.framework.recipes.cache.TreeCache$TreeNode.wasDeleted(TreeCache.java:295)
	at org.apache.curator.framework.recipes.cache.TreeCache$TreeNode.processResult(TreeCache.java:351)
	at org.apache.curator.framework.imps.CuratorFrameworkImpl.sendToBackgroundCallback(CuratorFrameworkImpl.java:728)
	at org.apache.curator.framework.imps.CuratorFrameworkImpl.processBackgroundOperation(CuratorFrameworkImpl.java:505)
	at org.apache.curator.framework.imps.ExistsBuilderImpl$1.processResult(ExistsBuilderImpl.java:123)
	at org.apache.zookeeper.ClientCnxn$EventThread.processEvent(ClientCnxn.java:555)
	at org.apache.zookeeper.ClientCnxn$EventThread.run(ClientCnxn.java:498)
2022-05-04 10:09:31.293 ERROR[main-EventThread]org.apache.curator.framework.imps.CuratorFrameworkImpl.logError:546 -Background exception was not retry-able or retry gave up
java.lang.IllegalStateException: instance must be started before calling this method
	at com.google.common.base.Preconditions.checkState(Preconditions.java:176)
	at org.apache.curator.framework.imps.CuratorFrameworkImpl.checkExists(CuratorFrameworkImpl.java:355)
	at org.apache.curator.framework.recipes.cache.TreeCache$TreeNode.wasDeleted(TreeCache.java:295)
	at org.apache.curator.framework.recipes.cache.TreeCache$TreeNode.processResult(TreeCache.java:351)
	at org.apache.curator.framework.imps.CuratorFrameworkImpl.sendToBackgroundCallback(CuratorFrameworkImpl.java:728)
	at org.apache.curator.framework.imps.CuratorFrameworkImpl.processBackgroundOperation(CuratorFrameworkImpl.java:505)
	at org.apache.curator.framework.imps.ExistsBuilderImpl$1.processResult(ExistsBuilderImpl.java:123)
	at org.apache.zookeeper.ClientCnxn$EventThread.processEvent(ClientCnxn.java:555)
	at org.apache.zookeeper.ClientCnxn$EventThread.run(ClientCnxn.java:498)
