2022-03-31 05:33:23.197 INFO [SpringContextShutdownHook]o.a.d.s.b.c.event.AwaitingNonWebApplicationListener.lambda$release$2:162 - [Dubbo] Current Spring Boot Application is about to shutdown...
2022-03-31 05:33:23.241 INFO [SpringContextShutdownHook]o.s.scheduling.concurrent.ThreadPoolTaskExecutor.shutdown:218 -Shutting down ExecutorService 'applicationTaskExecutor'
2022-03-31 05:33:23.244 INFO [SpringContextShutdownHook]o.a.d.c.s.b.f.a.ReferenceAnnotationBeanPostProcessor.destroy:305 -class org.apache.dubbo.config.spring.beans.factory.annotation.ReferenceAnnotationBeanPostProcessor was destroying!
2022-03-31 05:33:30.009 INFO [restartedMain]o.a.d.s.b.context.event.WelcomeLogoApplicationListener.onApplicationEvent:63 -

 :: Dubbo Spring Boot (v2.7.3) : https://github.com/apache/dubbo-spring-boot-project
 :: Dubbo (v2.7.3) : https://github.com/apache/incubator-dubbo
 :: Discuss group : dev@dubbo.apache.org

2022-03-31 05:33:30.018 INFO [restartedMain]o.a.d.s.b.c.event.OverrideDubboConfigApplicationListener.onApplicationEvent:68 -Dubbo Config was overridden by externalized configuration {dubbo.application.name=mall-content-service, dubbo.application.qos-enable=false, dubbo.config.multiple=true, dubbo.protocol.name=dubbo, dubbo.protocol.port=20881, dubbo.registry.address=zookeeper://192.168.10.250:2181, dubbo.registry.protocol=zookeeper, dubbo.scan.base-packages=com.mall.content.service}
2022-03-31 05:33:30.200 INFO [restartedMain]com.mall.MallContentServiceApplication.logStarting:55 -Starting MallContentServiceApplication on hsy-MS-7B23 with PID 13169 (/home/hsy/IdeaProjects/mall-parent/mall-content/mall-content-service/target/classes started by hsy in /home/hsy/IdeaProjects)
2022-03-31 05:33:30.201 INFO [restartedMain]com.mall.MallContentServiceApplication.logStartupProfileInfo:655 -The following profiles are active: dev
2022-03-31 05:33:30.278 INFO [restartedMain]o.s.b.devtools.env.DevToolsPropertyDefaultsPostProcessor.logTo:225 -Devtools property defaults active! Set 'spring.devtools.add-properties' to 'false' to disable
2022-03-31 05:33:30.279 INFO [restartedMain]o.s.b.devtools.env.DevToolsPropertyDefaultsPostProcessor.logTo:225 -For additional web related logging consider setting the 'logging.level.web' property to 'DEBUG'
2022-03-31 05:33:31.225 INFO [restartedMain]o.a.d.c.s.context.annotation.DubboConfigBindingRegistrar.registerDubboConfigBean:127 -The dubbo config bean definition [name : org.apache.dubbo.config.ApplicationConfig#0, class : org.apache.dubbo.config.ApplicationConfig] has been registered.
2022-03-31 05:33:31.226 INFO [restartedMain]o.a.d.c.s.context.annotation.DubboConfigBindingRegistrar.registerDubboConfigBindingBeanPostProcessor:151 -The BeanPostProcessor bean definition [org.apache.dubbo.config.spring.beans.factory.annotation.DubboConfigBindingBeanPostProcessor] for dubbo config bean [name : org.apache.dubbo.config.ApplicationConfig#0] has been registered.
2022-03-31 05:33:31.227 INFO [restartedMain]o.a.d.c.s.context.annotation.DubboConfigBindingRegistrar.registerDubboConfigBean:127 -The dubbo config bean definition [name : org.apache.dubbo.config.RegistryConfig#0, class : org.apache.dubbo.config.RegistryConfig] has been registered.
2022-03-31 05:33:31.227 INFO [restartedMain]o.a.d.c.s.context.annotation.DubboConfigBindingRegistrar.registerDubboConfigBindingBeanPostProcessor:151 -The BeanPostProcessor bean definition [org.apache.dubbo.config.spring.beans.factory.annotation.DubboConfigBindingBeanPostProcessor] for dubbo config bean [name : org.apache.dubbo.config.RegistryConfig#0] has been registered.
2022-03-31 05:33:31.228 INFO [restartedMain]o.a.d.c.s.context.annotation.DubboConfigBindingRegistrar.registerDubboConfigBean:127 -The dubbo config bean definition [name : org.apache.dubbo.config.ProtocolConfig#0, class : org.apache.dubbo.config.ProtocolConfig] has been registered.
2022-03-31 05:33:31.228 INFO [restartedMain]o.a.d.c.s.context.annotation.DubboConfigBindingRegistrar.registerDubboConfigBindingBeanPostProcessor:151 -The BeanPostProcessor bean definition [org.apache.dubbo.config.spring.beans.factory.annotation.DubboConfigBindingBeanPostProcessor] for dubbo config bean [name : org.apache.dubbo.config.ProtocolConfig#0] has been registered.
2022-03-31 05:33:31.303 INFO [restartedMain]o.s.d.repository.config.RepositoryConfigurationDelegate.multipleStoresDetected:249 -Multiple Spring Data modules found, entering strict repository configuration mode!
2022-03-31 05:33:31.307 INFO [restartedMain]o.s.d.repository.config.RepositoryConfigurationDelegate.registerRepositoriesIn:127 -Bootstrapping Spring Data Redis repositories in DEFAULT mode.
2022-03-31 05:33:31.355 INFO [restartedMain]o.s.d.repository.config.RepositoryConfigurationDelegate.registerRepositoriesIn:187 -Finished Spring Data repository scanning in 29ms. Found 0 Redis repository interfaces.
2022-03-31 05:33:31.544 INFO [restartedMain]o.s.context.annotation.ConfigurationClassPostProcessor.enhanceConfigurationClasses:403 -Cannot enhance @Configuration bean definition 'org.apache.dubbo.spring.boot.autoconfigure.DubboRelaxedBinding2AutoConfiguration' since its singleton instance has been created too early. The typical cause is a non-static @Bean method with a BeanDefinitionRegistryPostProcessor return type: Consider declaring such methods as 'static'.
2022-03-31 05:33:31.545 INFO [restartedMain]o.s.context.annotation.ConfigurationClassPostProcessor.enhanceConfigurationClasses:403 -Cannot enhance @Configuration bean definition 'org.apache.dubbo.spring.boot.autoconfigure.DubboAutoConfiguration' since its singleton instance has been created too early. The typical cause is a non-static @Bean method with a BeanDefinitionRegistryPostProcessor return type: Consider declaring such methods as 'static'.
2022-03-31 05:33:31.828 INFO [restartedMain]o.s.c.s.PostProcessorRegistrationDelegate$BeanPostProcessorChecker.postProcessAfterInitialization:335 -Bean 'relaxedDubboConfigBinder' of type [org.apache.dubbo.spring.boot.autoconfigure.BinderDubboConfigBinder] is not eligible for getting processed by all BeanPostProcessors (for example: not eligible for auto-proxying)
2022-03-31 05:33:31.900 INFO [restartedMain]o.s.c.s.PostProcessorRegistrationDelegate$BeanPostProcessorChecker.postProcessAfterInitialization:335 -Bean 'relaxedDubboConfigBinder' of type [org.apache.dubbo.spring.boot.autoconfigure.BinderDubboConfigBinder] is not eligible for getting processed by all BeanPostProcessors (for example: not eligible for auto-proxying)
2022-03-31 05:33:31.902 INFO [restartedMain]o.s.c.s.PostProcessorRegistrationDelegate$BeanPostProcessorChecker.postProcessAfterInitialization:335 -Bean 'relaxedDubboConfigBinder' of type [org.apache.dubbo.spring.boot.autoconfigure.BinderDubboConfigBinder] is not eligible for getting processed by all BeanPostProcessors (for example: not eligible for auto-proxying)
2022-03-31 05:33:32.393 INFO [restartedMain]o.s.boot.web.embedded.tomcat.TomcatWebServer.initialize:91 -Tomcat initialized with port(s): 8021 (http)
2022-03-31 05:33:32.407 INFO [restartedMain]org.apache.coyote.http11.Http11NioProtocol.log:173 -Initializing ProtocolHandler ["http-nio-8021"]
2022-03-31 05:33:32.408 INFO [restartedMain]org.apache.catalina.core.StandardService.log:173 -Starting service [Tomcat]
2022-03-31 05:33:32.408 INFO [restartedMain]org.apache.catalina.core.StandardEngine.log:173 -Starting Servlet engine: [Apache Tomcat/9.0.34]
2022-03-31 05:33:32.513 INFO [restartedMain]o.a.catalina.core.ContainerBase.[Tomcat].[localhost].[/].log:173 -Initializing Spring embedded WebApplicationContext
2022-03-31 05:33:32.514 INFO [restartedMain]org.springframework.web.context.ContextLoader.prepareWebApplicationContext:284 -Root WebApplicationContext: initialization completed in 2234 ms
2022-03-31 05:33:33.779 INFO [restartedMain]o.s.scheduling.concurrent.ThreadPoolTaskExecutor.initialize:181 -Initializing ExecutorService 'applicationTaskExecutor'
2022-03-31 05:33:34.140 INFO [restartedMain]o.a.d.c.s.b.f.a.DubboConfigBindingBeanPostProcessor.bind:109 -The properties of bean [name : org.apache.dubbo.config.ApplicationConfig#0] have been binding by prefix of configuration properties : dubbo.application
2022-03-31 05:33:34.150 INFO [restartedMain]o.a.d.c.s.b.f.a.DubboConfigBindingBeanPostProcessor.bind:109 -The properties of bean [name : org.apache.dubbo.config.RegistryConfig#0] have been binding by prefix of configuration properties : dubbo.registry
2022-03-31 05:33:34.161 INFO [restartedMain]o.a.d.c.s.b.f.a.DubboConfigBindingBeanPostProcessor.bind:109 -The properties of bean [name : org.apache.dubbo.config.ProtocolConfig#0] have been binding by prefix of configuration properties : dubbo.protocol
2022-03-31 05:33:34.984 INFO [restartedMain]o.s.boot.devtools.autoconfigure.OptionalLiveReloadServer.startServer:58 -LiveReload server is running on port 35729
2022-03-31 05:33:35.046 INFO [restartedMain]org.apache.coyote.http11.Http11NioProtocol.log:173 -Starting ProtocolHandler ["http-nio-8021"]
2022-03-31 05:33:35.073 INFO [restartedMain]o.s.boot.web.embedded.tomcat.TomcatWebServer.start:203 -Tomcat started on port(s): 8021 (http) with context path ''
2022-03-31 05:33:35.079 INFO [restartedMain]com.mall.MallContentServiceApplication.logStarted:61 -Started MallContentServiceApplication in 5.727 seconds (JVM running for 6.559)
2022-03-31 05:33:59.948 INFO [SpringContextShutdownHook]o.a.d.s.b.c.event.AwaitingNonWebApplicationListener.lambda$release$2:162 - [Dubbo] Current Spring Boot Application is about to shutdown...
2022-03-31 05:33:59.991 INFO [SpringContextShutdownHook]o.s.scheduling.concurrent.ThreadPoolTaskExecutor.shutdown:218 -Shutting down ExecutorService 'applicationTaskExecutor'
2022-03-31 05:33:59.993 INFO [SpringContextShutdownHook]o.a.d.c.s.b.f.a.ReferenceAnnotationBeanPostProcessor.destroy:305 -class org.apache.dubbo.config.spring.beans.factory.annotation.ReferenceAnnotationBeanPostProcessor was destroying!
2022-03-31 05:36:21.497 INFO [restartedMain]o.a.d.s.b.context.event.WelcomeLogoApplicationListener.onApplicationEvent:63 -

 :: Dubbo Spring Boot (v2.7.3) : https://github.com/apache/dubbo-spring-boot-project
 :: Dubbo (v2.7.3) : https://github.com/apache/incubator-dubbo
 :: Discuss group : dev@dubbo.apache.org

2022-03-31 05:36:21.505 INFO [restartedMain]o.a.d.s.b.c.event.OverrideDubboConfigApplicationListener.onApplicationEvent:68 -Dubbo Config was overridden by externalized configuration {dubbo.application.name=mall-content-service, dubbo.application.qos-enable=false, dubbo.config.multiple=true, dubbo.protocol.name=dubbo, dubbo.protocol.port=20881, dubbo.registry.address=zookeeper://192.168.10.250:2181, dubbo.registry.protocol=zookeeper, dubbo.scan.base-packages=com.mall.content.service}
2022-03-31 05:36:21.687 INFO [restartedMain]com.mall.MallContentServiceApplication.logStarting:55 -Starting MallContentServiceApplication on hsy-MS-7B23 with PID 13893 (/home/hsy/IdeaProjects/mall-parent/mall-content/mall-content-service/target/classes started by hsy in /home/hsy/IdeaProjects)
2022-03-31 05:36:21.688 INFO [restartedMain]com.mall.MallContentServiceApplication.logStartupProfileInfo:655 -The following profiles are active: dev
2022-03-31 05:36:21.763 INFO [restartedMain]o.s.b.devtools.env.DevToolsPropertyDefaultsPostProcessor.logTo:225 -Devtools property defaults active! Set 'spring.devtools.add-properties' to 'false' to disable
2022-03-31 05:36:21.764 INFO [restartedMain]o.s.b.devtools.env.DevToolsPropertyDefaultsPostProcessor.logTo:225 -For additional web related logging consider setting the 'logging.level.web' property to 'DEBUG'
2022-03-31 05:36:22.683 INFO [restartedMain]o.a.d.c.s.context.annotation.DubboConfigBindingRegistrar.registerDubboConfigBean:127 -The dubbo config bean definition [name : org.apache.dubbo.config.ApplicationConfig#0, class : org.apache.dubbo.config.ApplicationConfig] has been registered.
2022-03-31 05:36:22.684 INFO [restartedMain]o.a.d.c.s.context.annotation.DubboConfigBindingRegistrar.registerDubboConfigBindingBeanPostProcessor:151 -The BeanPostProcessor bean definition [org.apache.dubbo.config.spring.beans.factory.annotation.DubboConfigBindingBeanPostProcessor] for dubbo config bean [name : org.apache.dubbo.config.ApplicationConfig#0] has been registered.
2022-03-31 05:36:22.685 INFO [restartedMain]o.a.d.c.s.context.annotation.DubboConfigBindingRegistrar.registerDubboConfigBean:127 -The dubbo config bean definition [name : org.apache.dubbo.config.RegistryConfig#0, class : org.apache.dubbo.config.RegistryConfig] has been registered.
2022-03-31 05:36:22.685 INFO [restartedMain]o.a.d.c.s.context.annotation.DubboConfigBindingRegistrar.registerDubboConfigBindingBeanPostProcessor:151 -The BeanPostProcessor bean definition [org.apache.dubbo.config.spring.beans.factory.annotation.DubboConfigBindingBeanPostProcessor] for dubbo config bean [name : org.apache.dubbo.config.RegistryConfig#0] has been registered.
2022-03-31 05:36:22.686 INFO [restartedMain]o.a.d.c.s.context.annotation.DubboConfigBindingRegistrar.registerDubboConfigBean:127 -The dubbo config bean definition [name : org.apache.dubbo.config.ProtocolConfig#0, class : org.apache.dubbo.config.ProtocolConfig] has been registered.
2022-03-31 05:36:22.686 INFO [restartedMain]o.a.d.c.s.context.annotation.DubboConfigBindingRegistrar.registerDubboConfigBindingBeanPostProcessor:151 -The BeanPostProcessor bean definition [org.apache.dubbo.config.spring.beans.factory.annotation.DubboConfigBindingBeanPostProcessor] for dubbo config bean [name : org.apache.dubbo.config.ProtocolConfig#0] has been registered.
2022-03-31 05:36:22.764 INFO [restartedMain]o.s.d.repository.config.RepositoryConfigurationDelegate.multipleStoresDetected:249 -Multiple Spring Data modules found, entering strict repository configuration mode!
2022-03-31 05:36:22.768 INFO [restartedMain]o.s.d.repository.config.RepositoryConfigurationDelegate.registerRepositoriesIn:127 -Bootstrapping Spring Data Redis repositories in DEFAULT mode.
2022-03-31 05:36:22.815 INFO [restartedMain]o.s.d.repository.config.RepositoryConfigurationDelegate.registerRepositoriesIn:187 -Finished Spring Data repository scanning in 29ms. Found 0 Redis repository interfaces.
2022-03-31 05:36:23.004 INFO [restartedMain]o.s.context.annotation.ConfigurationClassPostProcessor.enhanceConfigurationClasses:403 -Cannot enhance @Configuration bean definition 'org.apache.dubbo.spring.boot.autoconfigure.DubboRelaxedBinding2AutoConfiguration' since its singleton instance has been created too early. The typical cause is a non-static @Bean method with a BeanDefinitionRegistryPostProcessor return type: Consider declaring such methods as 'static'.
2022-03-31 05:36:23.005 INFO [restartedMain]o.s.context.annotation.ConfigurationClassPostProcessor.enhanceConfigurationClasses:403 -Cannot enhance @Configuration bean definition 'org.apache.dubbo.spring.boot.autoconfigure.DubboAutoConfiguration' since its singleton instance has been created too early. The typical cause is a non-static @Bean method with a BeanDefinitionRegistryPostProcessor return type: Consider declaring such methods as 'static'.
2022-03-31 05:36:23.304 INFO [restartedMain]o.s.c.s.PostProcessorRegistrationDelegate$BeanPostProcessorChecker.postProcessAfterInitialization:335 -Bean 'relaxedDubboConfigBinder' of type [org.apache.dubbo.spring.boot.autoconfigure.BinderDubboConfigBinder] is not eligible for getting processed by all BeanPostProcessors (for example: not eligible for auto-proxying)
2022-03-31 05:36:23.373 INFO [restartedMain]o.s.c.s.PostProcessorRegistrationDelegate$BeanPostProcessorChecker.postProcessAfterInitialization:335 -Bean 'relaxedDubboConfigBinder' of type [org.apache.dubbo.spring.boot.autoconfigure.BinderDubboConfigBinder] is not eligible for getting processed by all BeanPostProcessors (for example: not eligible for auto-proxying)
2022-03-31 05:36:23.376 INFO [restartedMain]o.s.c.s.PostProcessorRegistrationDelegate$BeanPostProcessorChecker.postProcessAfterInitialization:335 -Bean 'relaxedDubboConfigBinder' of type [org.apache.dubbo.spring.boot.autoconfigure.BinderDubboConfigBinder] is not eligible for getting processed by all BeanPostProcessors (for example: not eligible for auto-proxying)
2022-03-31 05:36:23.883 INFO [restartedMain]o.s.boot.web.embedded.tomcat.TomcatWebServer.initialize:91 -Tomcat initialized with port(s): 8021 (http)
2022-03-31 05:36:23.897 INFO [restartedMain]org.apache.coyote.http11.Http11NioProtocol.log:173 -Initializing ProtocolHandler ["http-nio-8021"]
2022-03-31 05:36:23.898 INFO [restartedMain]org.apache.catalina.core.StandardService.log:173 -Starting service [Tomcat]
2022-03-31 05:36:23.899 INFO [restartedMain]org.apache.catalina.core.StandardEngine.log:173 -Starting Servlet engine: [Apache Tomcat/9.0.34]
2022-03-31 05:36:24.004 INFO [restartedMain]o.a.catalina.core.ContainerBase.[Tomcat].[localhost].[/].log:173 -Initializing Spring embedded WebApplicationContext
2022-03-31 05:36:24.005 INFO [restartedMain]org.springframework.web.context.ContextLoader.prepareWebApplicationContext:284 -Root WebApplicationContext: initialization completed in 2241 ms
2022-03-31 05:36:25.258 INFO [restartedMain]o.s.scheduling.concurrent.ThreadPoolTaskExecutor.initialize:181 -Initializing ExecutorService 'applicationTaskExecutor'
2022-03-31 05:36:25.631 INFO [restartedMain]o.a.d.c.s.b.f.a.DubboConfigBindingBeanPostProcessor.bind:109 -The properties of bean [name : org.apache.dubbo.config.ApplicationConfig#0] have been binding by prefix of configuration properties : dubbo.application
2022-03-31 05:36:25.641 INFO [restartedMain]o.a.d.c.s.b.f.a.DubboConfigBindingBeanPostProcessor.bind:109 -The properties of bean [name : org.apache.dubbo.config.RegistryConfig#0] have been binding by prefix of configuration properties : dubbo.registry
2022-03-31 05:36:25.651 INFO [restartedMain]o.a.d.c.s.b.f.a.DubboConfigBindingBeanPostProcessor.bind:109 -The properties of bean [name : org.apache.dubbo.config.ProtocolConfig#0] have been binding by prefix of configuration properties : dubbo.protocol
2022-03-31 05:36:26.497 INFO [restartedMain]o.s.boot.devtools.autoconfigure.OptionalLiveReloadServer.startServer:58 -LiveReload server is running on port 35729
2022-03-31 05:36:26.559 INFO [restartedMain]org.apache.coyote.http11.Http11NioProtocol.log:173 -Starting ProtocolHandler ["http-nio-8021"]
2022-03-31 05:36:26.586 INFO [restartedMain]o.s.boot.web.embedded.tomcat.TomcatWebServer.start:203 -Tomcat started on port(s): 8021 (http) with context path ''
2022-03-31 05:36:26.593 INFO [restartedMain]com.mall.MallContentServiceApplication.logStarted:61 -Started MallContentServiceApplication in 5.741 seconds (JVM running for 6.543)
2022-03-31 05:43:37.697 INFO [SpringContextShutdownHook]o.a.d.s.b.c.event.AwaitingNonWebApplicationListener.lambda$release$2:162 - [Dubbo] Current Spring Boot Application is about to shutdown...
2022-03-31 05:43:37.765 INFO [SpringContextShutdownHook]o.s.scheduling.concurrent.ThreadPoolTaskExecutor.shutdown:218 -Shutting down ExecutorService 'applicationTaskExecutor'
2022-03-31 05:43:37.767 INFO [SpringContextShutdownHook]o.a.d.c.s.b.f.a.ReferenceAnnotationBeanPostProcessor.destroy:305 -class org.apache.dubbo.config.spring.beans.factory.annotation.ReferenceAnnotationBeanPostProcessor was destroying!
